
*** Running vivado
    with args -log top.vds -m64 -product Vivado -mode batch -messageDb vivado.pb -notrace -source top.tcl



****** Vivado v2025.1 (64-bit)
  **** SW Build 6140274 on Thu May 22 00:12:29 MDT 2025
  **** IP Build 6138677 on Thu May 22 03:10:11 MDT 2025
  **** SharedData Build 6139179 on Tue May 20 17:58:58 MDT 2025
  **** Start of session at: Sat Oct  4 00:57:50 2025
    ** Copyright 1986-2022 Xilinx, Inc. All Rights Reserved.
    ** Copyright 2022-2025 Advanced Micro Devices, Inc. All Rights Reserved.

source top.tcl -notrace
Command: read_checkpoint -auto_incremental -incremental C:/Users/pluh/Documents/2025Fall/EECE251/ro_gate/ro_gate.srcs/utils_1/imports/synth_1/prng2_test.dcp
INFO: [Vivado 12-5825] Read reference checkpoint from C:/Users/pluh/Documents/2025Fall/EECE251/ro_gate/ro_gate.srcs/utils_1/imports/synth_1/prng2_test.dcp for incremental synthesis
INFO: [Vivado 12-7989] Please ensure there are no constraint changes
Command: synth_design -top top -part xc7a35tcpg236-1
Starting synth_design
Attempting to get a license for feature 'Synthesis' and/or device 'xc7a35t'
INFO: [Common 17-349] Got license for feature 'Synthesis' and/or device 'xc7a35t'
INFO: [Device 21-403] Loading part xc7a35tcpg236-1
INFO: [Synth 8-7079] Multithreading enabled for synth_design using a maximum of 2 processes.
INFO: [Synth 8-7078] Launching helper process for spawning children vivado processes
INFO: [Synth 8-7075] Helper process launched with PID 19536
---------------------------------------------------------------------------------
Starting RTL Elaboration : Time (s): cpu = 00:00:05 ; elapsed = 00:00:05 . Memory (MB): peak = 1176.062 ; gain = 492.238
---------------------------------------------------------------------------------
INFO: [Synth 8-6157] synthesizing module 'top' [C:/Users/pluh/Documents/2025Fall/EECE251/ro_gate/ro_gate.srcs/sources_1/new/top.v:1]
INFO: [Synth 8-6157] synthesizing module 'ro' [C:/Users/pluh/Documents/2025Fall/EECE251/ro_gate/ro_gate.srcs/sources_1/new/ro.v:12]
INFO: [Synth 8-6157] synthesizing module 'prng2' [C:/Users/pluh/Documents/2025Fall/EECE251/ro_gate/ro_gate.srcs/sources_1/new/prng2.v:3]
INFO: [Synth 8-6157] synthesizing module 'counter2' [C:/Users/pluh/Documents/2025Fall/EECE251/ro_gate/ro_gate.srcs/sources_1/new/counter2.v:1]
INFO: [Synth 8-6157] synthesizing module 'adder2' [C:/Users/pluh/Documents/2025Fall/EECE251/ro_gate/ro_gate.srcs/sources_1/new/adder2.v:1]
INFO: [Synth 8-6157] synthesizing module 'adder1' [C:/Users/pluh/Documents/2025Fall/EECE251/ro_gate/ro_gate.srcs/sources_1/new/adder1.v:1]
INFO: [Synth 8-6155] done synthesizing module 'adder1' (0#1) [C:/Users/pluh/Documents/2025Fall/EECE251/ro_gate/ro_gate.srcs/sources_1/new/adder1.v:1]
INFO: [Synth 8-6155] done synthesizing module 'adder2' (0#1) [C:/Users/pluh/Documents/2025Fall/EECE251/ro_gate/ro_gate.srcs/sources_1/new/adder2.v:1]
WARNING: [Synth 8-7071] port 'co' of module 'adder2' is unconnected for instance 'add' [C:/Users/pluh/Documents/2025Fall/EECE251/ro_gate/ro_gate.srcs/sources_1/new/counter2.v:10]
WARNING: [Synth 8-7023] instance 'add' of module 'adder2' has 5 connections declared, but only 4 given [C:/Users/pluh/Documents/2025Fall/EECE251/ro_gate/ro_gate.srcs/sources_1/new/counter2.v:10]
INFO: [Synth 8-6157] synthesizing module 'reg2' [C:/Users/pluh/Documents/2025Fall/EECE251/ro_gate/ro_gate.srcs/sources_1/new/reg2.v:1]
INFO: [Synth 8-6157] synthesizing module 'dff' [C:/Users/pluh/Documents/2025Fall/EECE251/ro_gate/ro_gate.srcs/sources_1/imports/extra/dff.v:4]
INFO: [Synth 8-6155] done synthesizing module 'dff' (0#1) [C:/Users/pluh/Documents/2025Fall/EECE251/ro_gate/ro_gate.srcs/sources_1/imports/extra/dff.v:4]
INFO: [Synth 8-6155] done synthesizing module 'reg2' (0#1) [C:/Users/pluh/Documents/2025Fall/EECE251/ro_gate/ro_gate.srcs/sources_1/new/reg2.v:1]
INFO: [Synth 8-6155] done synthesizing module 'counter2' (0#1) [C:/Users/pluh/Documents/2025Fall/EECE251/ro_gate/ro_gate.srcs/sources_1/new/counter2.v:1]
INFO: [Synth 8-6157] synthesizing module 'comparator2' [C:/Users/pluh/Documents/2025Fall/EECE251/ro_gate/ro_gate.srcs/sources_1/new/comparator2.v:1]
INFO: [Synth 8-6155] done synthesizing module 'comparator2' (0#1) [C:/Users/pluh/Documents/2025Fall/EECE251/ro_gate/ro_gate.srcs/sources_1/new/comparator2.v:1]
INFO: [Synth 8-6155] done synthesizing module 'prng2' (0#1) [C:/Users/pluh/Documents/2025Fall/EECE251/ro_gate/ro_gate.srcs/sources_1/new/prng2.v:3]
WARNING: [Synth 8-7071] port 'co' of module 'adder2' is unconnected for instance 'add1' [C:/Users/pluh/Documents/2025Fall/EECE251/ro_gate/ro_gate.srcs/sources_1/new/ro.v:25]
WARNING: [Synth 8-7023] instance 'add1' of module 'adder2' has 5 connections declared, but only 4 given [C:/Users/pluh/Documents/2025Fall/EECE251/ro_gate/ro_gate.srcs/sources_1/new/ro.v:25]
INFO: [Synth 8-6157] synthesizing module 'pulser' [C:/Users/pluh/Documents/2025Fall/EECE251/ro_gate/ro_gate.srcs/sources_1/new/pulser.v:1]
INFO: [Synth 8-6155] done synthesizing module 'pulser' (0#1) [C:/Users/pluh/Documents/2025Fall/EECE251/ro_gate/ro_gate.srcs/sources_1/new/pulser.v:1]
INFO: [Synth 8-6157] synthesizing module 'mux2b2to1' [C:/Users/pluh/Documents/2025Fall/EECE251/ro_gate/ro_gate.srcs/sources_1/new/mux2b2to1.v:1]
INFO: [Synth 8-6157] synthesizing module 'mux' [C:/Users/pluh/Documents/2025Fall/EECE251/ro_gate/ro_gate.srcs/sources_1/imports/extra/mux.v:1]
	Parameter NUM_INPUTS bound to: 2 - type: integer 
	Parameter NUM_OUTPUTS bound to: 1 - type: integer 
INFO: [Synth 8-6155] done synthesizing module 'mux' (0#1) [C:/Users/pluh/Documents/2025Fall/EECE251/ro_gate/ro_gate.srcs/sources_1/imports/extra/mux.v:1]
INFO: [Synth 8-6155] done synthesizing module 'mux2b2to1' (0#1) [C:/Users/pluh/Documents/2025Fall/EECE251/ro_gate/ro_gate.srcs/sources_1/new/mux2b2to1.v:1]
INFO: [Synth 8-6155] done synthesizing module 'ro' (0#1) [C:/Users/pluh/Documents/2025Fall/EECE251/ro_gate/ro_gate.srcs/sources_1/new/ro.v:12]
INFO: [Synth 8-6155] done synthesizing module 'top' (0#1) [C:/Users/pluh/Documents/2025Fall/EECE251/ro_gate/ro_gate.srcs/sources_1/new/top.v:1]
WARNING: [Synth 8-7129] Port led[15] in module top is either unconnected or has no load
WARNING: [Synth 8-7129] Port led[14] in module top is either unconnected or has no load
WARNING: [Synth 8-7129] Port led[13] in module top is either unconnected or has no load
WARNING: [Synth 8-7129] Port led[12] in module top is either unconnected or has no load
WARNING: [Synth 8-7129] Port led[11] in module top is either unconnected or has no load
WARNING: [Synth 8-7129] Port led[10] in module top is either unconnected or has no load
WARNING: [Synth 8-7129] Port led[9] in module top is either unconnected or has no load
WARNING: [Synth 8-7129] Port led[8] in module top is either unconnected or has no load
WARNING: [Synth 8-7129] Port led[7] in module top is either unconnected or has no load
WARNING: [Synth 8-7129] Port led[6] in module top is either unconnected or has no load
WARNING: [Synth 8-7129] Port led[5] in module top is either unconnected or has no load
WARNING: [Synth 8-7129] Port led[4] in module top is either unconnected or has no load
WARNING: [Synth 8-7129] Port led[3] in module top is either unconnected or has no load
WARNING: [Synth 8-7129] Port led[2] in module top is either unconnected or has no load
WARNING: [Synth 8-7129] Port sw[15] in module top is either unconnected or has no load
WARNING: [Synth 8-7129] Port sw[14] in module top is either unconnected or has no load
WARNING: [Synth 8-7129] Port sw[13] in module top is either unconnected or has no load
WARNING: [Synth 8-7129] Port sw[12] in module top is either unconnected or has no load
WARNING: [Synth 8-7129] Port sw[11] in module top is either unconnected or has no load
WARNING: [Synth 8-7129] Port sw[10] in module top is either unconnected or has no load
WARNING: [Synth 8-7129] Port sw[9] in module top is either unconnected or has no load
WARNING: [Synth 8-7129] Port sw[8] in module top is either unconnected or has no load
WARNING: [Synth 8-7129] Port sw[7] in module top is either unconnected or has no load
WARNING: [Synth 8-7129] Port sw[6] in module top is either unconnected or has no load
WARNING: [Synth 8-7129] Port sw[5] in module top is either unconnected or has no load
WARNING: [Synth 8-7129] Port sw[4] in module top is either unconnected or has no load
WARNING: [Synth 8-7129] Port sw[3] in module top is either unconnected or has no load
WARNING: [Synth 8-7129] Port sw[2] in module top is either unconnected or has no load
WARNING: [Synth 8-7129] Port sw[1] in module top is either unconnected or has no load
---------------------------------------------------------------------------------
Finished RTL Elaboration : Time (s): cpu = 00:00:06 ; elapsed = 00:00:06 . Memory (MB): peak = 1282.211 ; gain = 598.387
---------------------------------------------------------------------------------
---------------------------------------------------------------------------------
Start Handling Custom Attributes
---------------------------------------------------------------------------------
---------------------------------------------------------------------------------
Finished Handling Custom Attributes : Time (s): cpu = 00:00:06 ; elapsed = 00:00:06 . Memory (MB): peak = 1282.211 ; gain = 598.387
---------------------------------------------------------------------------------
---------------------------------------------------------------------------------
Finished RTL Optimization Phase 1 : Time (s): cpu = 00:00:06 ; elapsed = 00:00:06 . Memory (MB): peak = 1282.211 ; gain = 598.387
---------------------------------------------------------------------------------
Netlist sorting complete. Time (s): cpu = 00:00:00 ; elapsed = 00:00:00 . Memory (MB): peak = 1282.211 ; gain = 0.000
INFO: [Project 1-570] Preparing netlist for logic optimization

Processing XDC Constraints
Initializing timing engine
Parsing XDC File [C:/Users/pluh/Documents/2025Fall/EECE251/ro_gate/ro_gate.srcs/constrs_1/imports/EECE251/master.xdc]
WARNING: [Vivado 12-584] No ports matched 'btnD'. [C:/Users/pluh/Documents/2025Fall/EECE251/ro_gate/ro_gate.srcs/constrs_1/imports/EECE251/master.xdc:119]
CRITICAL WARNING: [Common 17-55] 'set_property' expects at least one object. [C:/Users/pluh/Documents/2025Fall/EECE251/ro_gate/ro_gate.srcs/constrs_1/imports/EECE251/master.xdc:119]
Resolution: If [get_<value>] was used to populate the object, check to make sure this command returns at least one valid object.
WARNING: [Vivado 12-584] No ports matched 'btnD'. [C:/Users/pluh/Documents/2025Fall/EECE251/ro_gate/ro_gate.srcs/constrs_1/imports/EECE251/master.xdc:120]
CRITICAL WARNING: [Common 17-55] 'set_property' expects at least one object. [C:/Users/pluh/Documents/2025Fall/EECE251/ro_gate/ro_gate.srcs/constrs_1/imports/EECE251/master.xdc:120]
Resolution: If [get_<value>] was used to populate the object, check to make sure this command returns at least one valid object.
Finished Parsing XDC File [C:/Users/pluh/Documents/2025Fall/EECE251/ro_gate/ro_gate.srcs/constrs_1/imports/EECE251/master.xdc]
INFO: [Project 1-236] Implementation specific constraints were found while reading constraint file [C:/Users/pluh/Documents/2025Fall/EECE251/ro_gate/ro_gate.srcs/constrs_1/imports/EECE251/master.xdc]. These constraints will be ignored for synthesis but will be used in implementation. Impacted constraints are listed in the file [.Xil/top_propImpl.xdc].
Resolution: To avoid this warning, move constraints listed in [.Xil/top_propImpl.xdc] to another XDC file and exclude this new file from synthesis with the used_in_synthesis property (File Properties dialog in GUI) and re-run elaboration/synthesis.
Completed Processing XDC Constraints

Netlist sorting complete. Time (s): cpu = 00:00:00 ; elapsed = 00:00:00 . Memory (MB): peak = 1346.777 ; gain = 0.000
INFO: [Project 1-111] Unisim Transformation Summary:
No Unisim elements were transformed.

Constraint Validation Runtime : Time (s): cpu = 00:00:00 ; elapsed = 00:00:00.002 . Memory (MB): peak = 1346.777 ; gain = 0.000
---------------------------------------------------------------------------------
Finished Constraint Validation : Time (s): cpu = 00:00:13 ; elapsed = 00:00:13 . Memory (MB): peak = 1346.777 ; gain = 662.953
---------------------------------------------------------------------------------
---------------------------------------------------------------------------------
Start Loading Part and Timing Information
---------------------------------------------------------------------------------
Loading part: xc7a35tcpg236-1
---------------------------------------------------------------------------------
Finished Loading Part and Timing Information : Time (s): cpu = 00:00:13 ; elapsed = 00:00:13 . Memory (MB): peak = 1346.777 ; gain = 662.953
---------------------------------------------------------------------------------
---------------------------------------------------------------------------------
Start Applying 'set_property' XDC Constraints
---------------------------------------------------------------------------------
---------------------------------------------------------------------------------
Finished applying 'set_property' XDC Constraints : Time (s): cpu = 00:00:13 ; elapsed = 00:00:13 . Memory (MB): peak = 1346.777 ; gain = 662.953
---------------------------------------------------------------------------------
---------------------------------------------------------------------------------
Start Preparing Guide Design
---------------------------------------------------------------------------------
CRITICAL WARNING: [Synth 8-6895] The reference checkpoint C:/Users/pluh/Documents/2025Fall/EECE251/ro_gate/ro_gate.srcs/utils_1/imports/synth_1/prng2_test.dcp is not suitable for use with incremental synthesis for this design. Please regenerate the checkpoint for this design with -incremental_synth switch in the same Vivado session that synth_design has been run. Synthesis will continue with the default flow
---------------------------------------------------------------------------------
Finished Doing Graph Differ : Time (s): cpu = 00:00:13 ; elapsed = 00:00:14 . Memory (MB): peak = 1346.777 ; gain = 662.953
---------------------------------------------------------------------------------
---------------------------------------------------------------------------------
Finished Preparing Guide Design : Time (s): cpu = 00:00:13 ; elapsed = 00:00:14 . Memory (MB): peak = 1346.777 ; gain = 662.953
---------------------------------------------------------------------------------
---------------------------------------------------------------------------------
Finished RTL Optimization Phase 2 : Time (s): cpu = 00:00:13 ; elapsed = 00:00:14 . Memory (MB): peak = 1346.777 ; gain = 662.953
---------------------------------------------------------------------------------


Incremental Synthesis Report Summary:

1. Incremental synthesis run: no

   Reason for not running incremental synthesis : 


INFO: [Synth 8-7130] Flow is switching to default flow due to incremental criteria not met. If you would like to alter this behaviour and have the flow terminate instead, please set the following parameter config_implementation {autoIncr.Synth.RejectBehavior Terminate}
---------------------------------------------------------------------------------
Start RTL Component Statistics 
---------------------------------------------------------------------------------
Detailed RTL Component Info : 
+---XORs : 
	   3 Input      1 Bit         XORs := 4     
	   2 Input      1 Bit         XORs := 2     
+---Registers : 
	                1 Bit    Registers := 6     
---------------------------------------------------------------------------------
Finished RTL Component Statistics 
---------------------------------------------------------------------------------
---------------------------------------------------------------------------------
Start Part Resource Summary
---------------------------------------------------------------------------------
Part Resources:
DSPs: 90 (col length:60)
BRAMs: 100 (col length: RAMB18 60 RAMB36 30)
---------------------------------------------------------------------------------
Finished Part Resource Summary
---------------------------------------------------------------------------------
---------------------------------------------------------------------------------
Start Cross Boundary and Area Optimization
---------------------------------------------------------------------------------
WARNING: [Synth 8-7080] Parallel synthesis criteria is not met
WARNING: [Synth 8-7129] Port led[15] in module top is either unconnected or has no load
WARNING: [Synth 8-7129] Port led[14] in module top is either unconnected or has no load
WARNING: [Synth 8-7129] Port led[13] in module top is either unconnected or has no load
WARNING: [Synth 8-7129] Port led[12] in module top is either unconnected or has no load
WARNING: [Synth 8-7129] Port led[11] in module top is either unconnected or has no load
WARNING: [Synth 8-7129] Port led[10] in module top is either unconnected or has no load
WARNING: [Synth 8-7129] Port led[9] in module top is either unconnected or has no load
WARNING: [Synth 8-7129] Port led[8] in module top is either unconnected or has no load
WARNING: [Synth 8-7129] Port led[7] in module top is either unconnected or has no load
WARNING: [Synth 8-7129] Port led[6] in module top is either unconnected or has no load
WARNING: [Synth 8-7129] Port led[5] in module top is either unconnected or has no load
WARNING: [Synth 8-7129] Port led[4] in module top is either unconnected or has no load
WARNING: [Synth 8-7129] Port led[3] in module top is either unconnected or has no load
WARNING: [Synth 8-7129] Port led[2] in module top is either unconnected or has no load
WARNING: [Synth 8-7129] Port sw[15] in module top is either unconnected or has no load
WARNING: [Synth 8-7129] Port sw[14] in module top is either unconnected or has no load
WARNING: [Synth 8-7129] Port sw[13] in module top is either unconnected or has no load
WARNING: [Synth 8-7129] Port sw[12] in module top is either unconnected or has no load
WARNING: [Synth 8-7129] Port sw[11] in module top is either unconnected or has no load
WARNING: [Synth 8-7129] Port sw[10] in module top is either unconnected or has no load
WARNING: [Synth 8-7129] Port sw[9] in module top is either unconnected or has no load
WARNING: [Synth 8-7129] Port sw[8] in module top is either unconnected or has no load
WARNING: [Synth 8-7129] Port sw[7] in module top is either unconnected or has no load
WARNING: [Synth 8-7129] Port sw[6] in module top is either unconnected or has no load
WARNING: [Synth 8-7129] Port sw[5] in module top is either unconnected or has no load
WARNING: [Synth 8-7129] Port sw[4] in module top is either unconnected or has no load
WARNING: [Synth 8-7129] Port sw[3] in module top is either unconnected or has no load
WARNING: [Synth 8-7129] Port sw[2] in module top is either unconnected or has no load
WARNING: [Synth 8-7129] Port sw[1] in module top is either unconnected or has no load
---------------------------------------------------------------------------------
Finished Cross Boundary and Area Optimization : Time (s): cpu = 00:00:15 ; elapsed = 00:00:15 . Memory (MB): peak = 1346.777 ; gain = 662.953
---------------------------------------------------------------------------------
---------------------------------------------------------------------------------
Start Applying XDC Timing Constraints
---------------------------------------------------------------------------------
---------------------------------------------------------------------------------
Finished Applying XDC Timing Constraints : Time (s): cpu = 00:00:19 ; elapsed = 00:00:20 . Memory (MB): peak = 1485.855 ; gain = 802.031
---------------------------------------------------------------------------------
---------------------------------------------------------------------------------
Start Timing Optimization
---------------------------------------------------------------------------------
---------------------------------------------------------------------------------
Finished Timing Optimization : Time (s): cpu = 00:00:19 ; elapsed = 00:00:20 . Memory (MB): peak = 1495.418 ; gain = 811.594
---------------------------------------------------------------------------------
---------------------------------------------------------------------------------
Start Technology Mapping
---------------------------------------------------------------------------------
---------------------------------------------------------------------------------
Finished Technology Mapping : Time (s): cpu = 00:00:19 ; elapsed = 00:00:20 . Memory (MB): peak = 1504.973 ; gain = 821.148
---------------------------------------------------------------------------------
---------------------------------------------------------------------------------
Start IO Insertion
---------------------------------------------------------------------------------
---------------------------------------------------------------------------------
Start Flattening Before IO Insertion
---------------------------------------------------------------------------------
---------------------------------------------------------------------------------
Finished Flattening Before IO Insertion
---------------------------------------------------------------------------------
---------------------------------------------------------------------------------
Start Final Netlist Cleanup
---------------------------------------------------------------------------------
---------------------------------------------------------------------------------
Finished Final Netlist Cleanup
---------------------------------------------------------------------------------
---------------------------------------------------------------------------------
Finished IO Insertion : Time (s): cpu = 00:00:23 ; elapsed = 00:00:23 . Memory (MB): peak = 1730.391 ; gain = 1046.566
---------------------------------------------------------------------------------
---------------------------------------------------------------------------------
Start Renaming Generated Instances
---------------------------------------------------------------------------------
---------------------------------------------------------------------------------
Finished Renaming Generated Instances : Time (s): cpu = 00:00:23 ; elapsed = 00:00:23 . Memory (MB): peak = 1730.391 ; gain = 1046.566
---------------------------------------------------------------------------------
---------------------------------------------------------------------------------
Start Rebuilding User Hierarchy
---------------------------------------------------------------------------------
---------------------------------------------------------------------------------
Finished Rebuilding User Hierarchy : Time (s): cpu = 00:00:23 ; elapsed = 00:00:23 . Memory (MB): peak = 1730.391 ; gain = 1046.566
---------------------------------------------------------------------------------
---------------------------------------------------------------------------------
Start Renaming Generated Ports
---------------------------------------------------------------------------------
---------------------------------------------------------------------------------
Finished Renaming Generated Ports : Time (s): cpu = 00:00:23 ; elapsed = 00:00:23 . Memory (MB): peak = 1730.391 ; gain = 1046.566
---------------------------------------------------------------------------------
---------------------------------------------------------------------------------
Start Handling Custom Attributes
---------------------------------------------------------------------------------
---------------------------------------------------------------------------------
Finished Handling Custom Attributes : Time (s): cpu = 00:00:23 ; elapsed = 00:00:23 . Memory (MB): peak = 1730.391 ; gain = 1046.566
---------------------------------------------------------------------------------
---------------------------------------------------------------------------------
Start Renaming Generated Nets
---------------------------------------------------------------------------------
---------------------------------------------------------------------------------
Finished Renaming Generated Nets : Time (s): cpu = 00:00:23 ; elapsed = 00:00:23 . Memory (MB): peak = 1730.391 ; gain = 1046.566
---------------------------------------------------------------------------------
---------------------------------------------------------------------------------
Start Writing Synthesis Report
---------------------------------------------------------------------------------

Report BlackBoxes: 
+-+--------------+----------+
| |BlackBox name |Instances |
+-+--------------+----------+
+-+--------------+----------+

Report Cell Usage: 
+------+------+------+
|      |Cell  |Count |
+------+------+------+
|1     |BUFG  |     1|
|2     |LUT1  |     1|
|3     |LUT2  |     6|
|4     |FDRE  |     6|
|5     |IBUF  |     2|
|6     |OBUF  |     2|
|7     |OBUFT |    14|
+------+------+------+
---------------------------------------------------------------------------------
Finished Writing Synthesis Report : Time (s): cpu = 00:00:23 ; elapsed = 00:00:23 . Memory (MB): peak = 1730.391 ; gain = 1046.566
---------------------------------------------------------------------------------
Synthesis finished with 0 errors, 1 critical warnings and 30 warnings.
Synthesis Optimization Runtime : Time (s): cpu = 00:00:15 ; elapsed = 00:00:22 . Memory (MB): peak = 1730.391 ; gain = 982.000
Synthesis Optimization Complete : Time (s): cpu = 00:00:23 ; elapsed = 00:00:23 . Memory (MB): peak = 1730.391 ; gain = 1046.566
INFO: [Project 1-571] Translating synthesized netlist
Netlist sorting complete. Time (s): cpu = 00:00:00 ; elapsed = 00:00:00.001 . Memory (MB): peak = 1734.953 ; gain = 0.000
INFO: [Project 1-570] Preparing netlist for logic optimization
INFO: [Opt 31-138] Pushed 0 inverter(s) to 0 load pin(s).
Netlist sorting complete. Time (s): cpu = 00:00:00 ; elapsed = 00:00:00 . Memory (MB): peak = 1738.531 ; gain = 0.000
INFO: [Project 1-111] Unisim Transformation Summary:
No Unisim elements were transformed.

Synth Design complete | Checksum: 6a231909
INFO: [Common 17-83] Releasing license: Synthesis
40 Infos, 65 Warnings, 3 Critical Warnings and 0 Errors encountered.
synth_design completed successfully
synth_design: Time (s): cpu = 00:00:25 ; elapsed = 00:00:28 . Memory (MB): peak = 1738.531 ; gain = 1239.871
INFO: [runtcl-6] Synthesis results are not added to the cache due to CRITICAL_WARNING
Write ShapeDB Complete: Time (s): cpu = 00:00:00 ; elapsed = 00:00:00.002 . Memory (MB): peak = 1738.531 ; gain = 0.000
INFO: [Common 17-1381] The checkpoint 'C:/Users/pluh/Documents/2025Fall/EECE251/ro_gate/ro_gate.runs/synth_1/top.dcp' has been generated.
INFO: [Vivado 12-24828] Executing command : report_utilization -file top_utilization_synth.rpt -pb top_utilization_synth.pb
INFO: [Common 17-206] Exiting Vivado at Sat Oct  4 00:58:25 2025...
